[INFO] Scanning for projects...
[INFO] 
[INFO] ---------------< com.example.accounts:accounts-service >----------------
[INFO] Building accounts-service 0.0.1-SNAPSHOT
[INFO] --------------------------------[ jar ]---------------------------------
[INFO] 
[INFO] >>> spring-boot-maven-plugin:3.2.0:run (default-cli) > test-compile @ accounts-service >>>
[INFO] 
[INFO] --- maven-resources-plugin:3.3.1:resources (default-resources) @ accounts-service ---
[INFO] Copying 1 resource from src\main\resources to target\classes
[INFO] Copying 28 resources from src\main\resources to target\classes
[INFO] 
[INFO] --- maven-compiler-plugin:3.11.0:compile (default-compile) @ accounts-service ---
[INFO] Nothing to compile - all classes are up to date
[INFO] 
[INFO] --- maven-resources-plugin:3.3.1:testResources (default-testResources) @ accounts-service ---
[INFO] Copying 1 resource from src\test\resources to target\test-classes
[INFO] 
[INFO] --- maven-compiler-plugin:3.11.0:testCompile (default-testCompile) @ accounts-service ---
[INFO] Nothing to compile - all classes are up to date
[INFO] 
[INFO] <<< spring-boot-maven-plugin:3.2.0:run (default-cli) < test-compile @ accounts-service <<<
[INFO] 
[INFO] 
[INFO] --- spring-boot-maven-plugin:3.2.0:run (default-cli) @ accounts-service ---
[INFO] Attaching agents: []

  .   ____          _            __ _ _
 /\\ / ___'_ __ _ _(_)_ __  __ _ \ \ \ \
( ( )\___ | '_ | '_| | '_ \/ _` | \ \ \ \
 \\/  ___)| |_)| | | | | || (_| |  ) ) ) )
  '  |____| .__|_| |_|_| |_\__, | / / / /
 =========|_|==============|___/=/_/_/_/
 :: Spring Boot ::                (v3.2.0)

2026-01-10T12:01:37.036+05:30  INFO 28720 --- [accounts-service] [           main] c.e.a.a.AccountsServiceApplication       : Starting AccountsServiceApplication using Java 21.0.6 with PID 28720 (C:\Users\Sayeed Rizwan\Downloads\accounts-service\accounts-service\target\classes started by Sayeed Rizwan in C:\Users\Sayeed Rizwan\Downloads\accounts-service\accounts-service)
2026-01-10T12:01:37.045+05:30 DEBUG 28720 --- [accounts-service] [           main] c.e.a.a.AccountsServiceApplication       : Running with Spring Boot v3.2.0, Spring v6.1.1
2026-01-10T12:01:37.052+05:30  INFO 28720 --- [accounts-service] [           main] c.e.a.a.AccountsServiceApplication       : No active profile set, falling back to 1 default profile: "default"
2026-01-10T12:01:44.769+05:30  INFO 28720 --- [accounts-service] [           main] .s.d.r.c.RepositoryConfigurationDelegate : Bootstrapping Spring Data JPA repositories in DEFAULT mode.
2026-01-10T12:01:45.645+05:30  INFO 28720 --- [accounts-service] [           main] .s.d.r.c.RepositoryConfigurationDelegate : Finished Spring Data repository scanning in 830 ms. Found 16 JPA repository interfaces.
2026-01-10T12:01:53.708+05:30  INFO 28720 --- [accounts-service] [           main] o.s.b.w.embedded.tomcat.TomcatWebServer  : Tomcat initialized with port 8080 (http)
2026-01-10T12:01:53.761+05:30  INFO 28720 --- [accounts-service] [           main] o.apache.catalina.core.StandardService   : Starting service [Tomcat]
2026-01-10T12:01:53.761+05:30  INFO 28720 --- [accounts-service] [           main] o.apache.catalina.core.StandardEngine    : Starting Servlet engine: [Apache Tomcat/10.1.16]
2026-01-10T12:01:54.073+05:30  INFO 28720 --- [accounts-service] [           main] o.a.c.c.C.[Tomcat].[localhost].[/]       : Initializing Spring embedded WebApplicationContext
2026-01-10T12:01:54.076+05:30  INFO 28720 --- [accounts-service] [           main] w.s.c.ServletWebServerApplicationContext : Root WebApplicationContext: initialization completed in 16690 ms
2026-01-10T12:01:54.645+05:30  INFO 28720 --- [accounts-service] [           main] com.zaxxer.hikari.HikariDataSource       : HikariPool-1 - Starting...
2026-01-10T12:01:55.774+05:30  INFO 28720 --- [accounts-service] [           main] com.zaxxer.hikari.pool.HikariPool        : HikariPool-1 - Added connection com.mysql.cj.jdbc.ConnectionImpl@6222391a
2026-01-10T12:01:55.785+05:30  INFO 28720 --- [accounts-service] [           main] com.zaxxer.hikari.HikariDataSource       : HikariPool-1 - Start completed.
2026-01-10T12:02:09.108+05:30  INFO 28720 --- [accounts-service] [           main] liquibase.changelog                      : Reading from account_db.DATABASECHANGELOG
Database is up to date, no changesets to execute
2026-01-10T12:02:11.241+05:30  INFO 28720 --- [accounts-service] [           main] liquibase.changelog                      : Reading from account_db.DATABASECHANGELOG
2026-01-10T12:02:11.555+05:30  INFO 28720 --- [accounts-service] [           main] liquibase.util                           : UPDATE SUMMARY
2026-01-10T12:02:11.557+05:30  INFO 28720 --- [accounts-service] [           main] liquibase.util                           : Run:                          0
2026-01-10T12:02:11.557+05:30  INFO 28720 --- [accounts-service] [           main] liquibase.util                           : Previously run:              27
2026-01-10T12:02:11.557+05:30  INFO 28720 --- [accounts-service] [           main] liquibase.util                           : Filtered out:                 0
2026-01-10T12:02:11.557+05:30  INFO 28720 --- [accounts-service] [           main] liquibase.util                           : -------------------------------
2026-01-10T12:02:11.557+05:30  INFO 28720 --- [accounts-service] [           main] liquibase.util                           : Total change sets:           27
2026-01-10T12:02:11.558+05:30  INFO 28720 --- [accounts-service] [           main] liquibase.util                           : Update summary generated
2026-01-10T12:02:12.281+05:30  INFO 28720 --- [accounts-service] [           main] liquibase.lockservice                    : Successfully released change log lock
2026-01-10T12:02:12.320+05:30  INFO 28720 --- [accounts-service] [           main] liquibase.command                        : Command execution complete
2026-01-10T12:02:13.741+05:30  INFO 28720 --- [accounts-service] [           main] o.hibernate.jpa.internal.util.LogHelper  : HHH000204: Processing PersistenceUnitInfo [name: default]
2026-01-10T12:02:14.541+05:30  INFO 28720 --- [accounts-service] [           main] org.hibernate.Version                    : HHH000412: Hibernate ORM core version 6.3.1.Final
2026-01-10T12:02:14.850+05:30  INFO 28720 --- [accounts-service] [           main] o.h.c.internal.RegionFactoryInitiator    : HHH000026: Second-level cache disabled
2026-01-10T12:02:17.119+05:30  INFO 28720 --- [accounts-service] [           main] o.s.o.j.p.SpringPersistenceUnitInfo      : No LoadTimeWeaver setup: ignoring JPA class transformer
2026-01-10T12:02:17.376+05:30  WARN 28720 --- [accounts-service] [           main] org.hibernate.orm.deprecation            : HHH90000025: MySQLDialect does not need to be specified explicitly using 'hibernate.dialect' (remove the property setting and it will be selected by default)
2026-01-10T12:02:25.349+05:30  INFO 28720 --- [accounts-service] [           main] o.h.e.t.j.p.i.JtaPlatformInitiator       : HHH000489: No JTA platform available (set 'hibernate.transaction.jta.platform' to enable JTA platform integration)
2026-01-10T12:02:25.364+05:30  INFO 28720 --- [accounts-service] [           main] j.LocalContainerEntityManagerFactoryBean : Initialized JPA EntityManagerFactory for persistence unit 'default'
2026-01-10T12:02:27.969+05:30  INFO 28720 --- [accounts-service] [           main] o.s.d.j.r.query.QueryEnhancerFactory     : Hibernate is in classpath; If applicable, HQL parser will be used.
2026-01-10T12:02:39.423+05:30  INFO 28720 --- [accounts-service] [           main] o.s.b.w.embedded.tomcat.TomcatWebServer  : Tomcat started on port 8080 (http) with context path ''
2026-01-10T12:02:39.460+05:30  INFO 28720 --- [accounts-service] [           main] c.e.a.a.AccountsServiceApplication       : Started AccountsServiceApplication in 64.803 seconds (process running for 68.201)
