[INFO] Scanning for projects...
[INFO] 
[INFO] ---------------< com.example.accounts:accounts-service >----------------
[INFO] Building accounts-service 0.0.1-SNAPSHOT
[INFO] --------------------------------[ jar ]---------------------------------
[INFO] 
[INFO] >>> spring-boot-maven-plugin:3.2.0:run (default-cli) > test-compile @ accounts-service >>>
[INFO] 
[INFO] --- maven-resources-plugin:3.3.1:resources (default-resources) @ accounts-service ---
[INFO] Copying 1 resource from src\main\resources to target\classes
[INFO] Copying 28 resources from src\main\resources to target\classes
[INFO] 
[INFO] --- maven-compiler-plugin:3.11.0:compile (default-compile) @ accounts-service ---
[INFO] Changes detected - recompiling the module! :source
[INFO] Compiling 132 source files with javac [debug release 21] to target\classes
[INFO] 
[INFO] --- maven-resources-plugin:3.3.1:testResources (default-testResources) @ accounts-service ---
[INFO] Copying 1 resource from src\test\resources to target\test-classes
[INFO] 
[INFO] --- maven-compiler-plugin:3.11.0:testCompile (default-testCompile) @ accounts-service ---
[INFO] Changes detected - recompiling the module! :dependency
[INFO] Compiling 6 source files with javac [debug release 21] to target\test-classes
[INFO] 
[INFO] <<< spring-boot-maven-plugin:3.2.0:run (default-cli) < test-compile @ accounts-service <<<
[INFO] 
[INFO] 
[INFO] --- spring-boot-maven-plugin:3.2.0:run (default-cli) @ accounts-service ---
[INFO] Attaching agents: []

  .   ____          _            __ _ _
 /\\ / ___'_ __ _ _(_)_ __  __ _ \ \ \ \
( ( )\___ | '_ | '_| | '_ \/ _` | \ \ \ \
 \\/  ___)| |_)| | | | | || (_| |  ) ) ) )
  '  |____| .__|_| |_|_| |_\__, | / / / /
 =========|_|==============|___/=/_/_/_/
 :: Spring Boot ::                (v3.2.0)

2026-01-10T11:59:03.980+05:30  INFO 35676 --- [accounts-service] [           main] c.e.a.a.AccountsServiceApplication       : Starting AccountsServiceApplication using Java 21.0.6 with PID 35676 (C:\Users\Sayeed Rizwan\Downloads\accounts-service\accounts-service\target\classes started by Sayeed Rizwan in C:\Users\Sayeed Rizwan\Downloads\accounts-service\accounts-service)
2026-01-10T11:59:03.983+05:30 DEBUG 35676 --- [accounts-service] [           main] c.e.a.a.AccountsServiceApplication       : Running with Spring Boot v3.2.0, Spring v6.1.1
2026-01-10T11:59:03.984+05:30  INFO 35676 --- [accounts-service] [           main] c.e.a.a.AccountsServiceApplication       : No active profile set, falling back to 1 default profile: "default"
2026-01-10T11:59:05.419+05:30  INFO 35676 --- [accounts-service] [           main] .s.d.r.c.RepositoryConfigurationDelegate : Bootstrapping Spring Data JPA repositories in DEFAULT mode.
2026-01-10T11:59:05.608+05:30  INFO 35676 --- [accounts-service] [           main] .s.d.r.c.RepositoryConfigurationDelegate : Finished Spring Data repository scanning in 171 ms. Found 16 JPA repository interfaces.
2026-01-10T11:59:07.052+05:30  INFO 35676 --- [accounts-service] [           main] o.s.b.w.embedded.tomcat.TomcatWebServer  : Tomcat initialized with port 8080 (http)
2026-01-10T11:59:07.070+05:30  INFO 35676 --- [accounts-service] [           main] o.apache.catalina.core.StandardService   : Starting service [Tomcat]
2026-01-10T11:59:07.070+05:30  INFO 35676 --- [accounts-service] [           main] o.apache.catalina.core.StandardEngine    : Starting Servlet engine: [Apache Tomcat/10.1.16]
2026-01-10T11:59:07.188+05:30  INFO 35676 --- [accounts-service] [           main] o.a.c.c.C.[Tomcat].[localhost].[/]       : Initializing Spring embedded WebApplicationContext
2026-01-10T11:59:07.189+05:30  INFO 35676 --- [accounts-service] [           main] w.s.c.ServletWebServerApplicationContext : Root WebApplicationContext: initialization completed in 3095 ms
2026-01-10T11:59:07.437+05:30  INFO 35676 --- [accounts-service] [           main] com.zaxxer.hikari.HikariDataSource       : HikariPool-1 - Starting...
2026-01-10T11:59:07.910+05:30  INFO 35676 --- [accounts-service] [           main] com.zaxxer.hikari.pool.HikariPool        : HikariPool-1 - Added connection com.mysql.cj.jdbc.ConnectionImpl@65cc5252
2026-01-10T11:59:07.914+05:30  INFO 35676 --- [accounts-service] [           main] com.zaxxer.hikari.HikariDataSource       : HikariPool-1 - Start completed.
2026-01-10T11:59:09.857+05:30  INFO 35676 --- [accounts-service] [           main] liquibase.changelog                      : Reading from account_db.DATABASECHANGELOG
Database is up to date, no changesets to execute
2026-01-10T11:59:10.078+05:30  INFO 35676 --- [accounts-service] [           main] liquibase.changelog                      : Reading from account_db.DATABASECHANGELOG
2026-01-10T11:59:10.100+05:30  INFO 35676 --- [accounts-service] [           main] liquibase.util                           : UPDATE SUMMARY
2026-01-10T11:59:10.100+05:30  INFO 35676 --- [accounts-service] [           main] liquibase.util                           : Run:                          0
2026-01-10T11:59:10.100+05:30  INFO 35676 --- [accounts-service] [           main] liquibase.util                           : Previously run:              27
2026-01-10T11:59:10.101+05:30  INFO 35676 --- [accounts-service] [           main] liquibase.util                           : Filtered out:                 0
2026-01-10T11:59:10.101+05:30  INFO 35676 --- [accounts-service] [           main] liquibase.util                           : -------------------------------
2026-01-10T11:59:10.101+05:30  INFO 35676 --- [accounts-service] [           main] liquibase.util                           : Total change sets:           27
2026-01-10T11:59:10.102+05:30  INFO 35676 --- [accounts-service] [           main] liquibase.util                           : Update summary generated
2026-01-10T11:59:10.132+05:30  INFO 35676 --- [accounts-service] [           main] liquibase.lockservice                    : Successfully released change log lock
2026-01-10T11:59:10.134+05:30  INFO 35676 --- [accounts-service] [           main] liquibase.command                        : Command execution complete
2026-01-10T11:59:10.240+05:30  INFO 35676 --- [accounts-service] [           main] o.hibernate.jpa.internal.util.LogHelper  : HHH000204: Processing PersistenceUnitInfo [name: default]
2026-01-10T11:59:10.341+05:30  INFO 35676 --- [accounts-service] [           main] org.hibernate.Version                    : HHH000412: Hibernate ORM core version 6.3.1.Final
2026-01-10T11:59:10.394+05:30  INFO 35676 --- [accounts-service] [           main] o.h.c.internal.RegionFactoryInitiator    : HHH000026: Second-level cache disabled
2026-01-10T11:59:10.747+05:30  INFO 35676 --- [accounts-service] [           main] o.s.o.j.p.SpringPersistenceUnitInfo      : No LoadTimeWeaver setup: ignoring JPA class transformer
2026-01-10T11:59:10.853+05:30  WARN 35676 --- [accounts-service] [           main] org.hibernate.orm.deprecation            : HHH90000025: MySQLDialect does not need to be specified explicitly using 'hibernate.dialect' (remove the property setting and it will be selected by default)
2026-01-10T11:59:12.664+05:30  INFO 35676 --- [accounts-service] [           main] o.h.e.t.j.p.i.JtaPlatformInitiator       : HHH000489: No JTA platform available (set 'hibernate.transaction.jta.platform' to enable JTA platform integration)
2026-01-10T11:59:12.667+05:30  INFO 35676 --- [accounts-service] [           main] j.LocalContainerEntityManagerFactoryBean : Initialized JPA EntityManagerFactory for persistence unit 'default'
2026-01-10T11:59:14.550+05:30  INFO 35676 --- [accounts-service] [           main] o.s.d.j.r.query.QueryEnhancerFactory     : Hibernate is in classpath; If applicable, HQL parser will be used.
2026-01-10T11:59:18.177+05:30  INFO 35676 --- [accounts-service] [           main] o.s.b.w.embedded.tomcat.TomcatWebServer  : Tomcat started on port 8080 (http) with context path ''
2026-01-10T11:59:18.194+05:30  INFO 35676 --- [accounts-service] [           main] c.e.a.a.AccountsServiceApplication       : Started AccountsServiceApplication in 14.983 seconds (process running for 15.584)
[INFO] ------------------------------------------------------------------------
[INFO] BUILD FAILURE
[INFO] ------------------------------------------------------------------------
[INFO] Total time:  01:59 min
[INFO] Finished at: 2026-01-10T12:00:42+05:30
[INFO] ------------------------------------------------------------------------
[ERROR] Failed to execute goal org.springframework.boot:spring-boot-maven-plugin:3.2.0:run (default-cli) on project accounts-service: Process terminated with exit code: 1 -> [Help 1]
[ERROR] 
[ERROR] To see the full stack trace of the errors, re-run Maven with the -e switch.
[ERROR] Re-run Maven using the -X switch to enable full debug logging.
[ERROR] 
[ERROR] For more information about the errors and possible solutions, please read the following articles:
[ERROR] [Help 1] http://cwiki.apache.org/confluence/display/MAVEN/MojoExecutionException
