[INFO] Scanning for projects...
[INFO] 
[INFO] ---------------< com.example.accounts:accounts-service >----------------
[INFO] Building accounts-service 0.0.1-SNAPSHOT
[INFO] --------------------------------[ jar ]---------------------------------
[INFO] 
[INFO] >>> spring-boot-maven-plugin:3.2.0:run (default-cli) > test-compile @ accounts-service >>>
[INFO] 
[INFO] --- maven-resources-plugin:3.3.1:resources (default-resources) @ accounts-service ---
[INFO] Copying 1 resource from src\main\resources to target\classes
[INFO] Copying 28 resources from src\main\resources to target\classes
[INFO] 
[INFO] --- maven-compiler-plugin:3.11.0:compile (default-compile) @ accounts-service ---
[INFO] Nothing to compile - all classes are up to date
[INFO] 
[INFO] --- maven-resources-plugin:3.3.1:testResources (default-testResources) @ accounts-service ---
[INFO] Copying 1 resource from src\test\resources to target\test-classes
[INFO] 
[INFO] --- maven-compiler-plugin:3.11.0:testCompile (default-testCompile) @ accounts-service ---
[INFO] Nothing to compile - all classes are up to date
[INFO] 
[INFO] <<< spring-boot-maven-plugin:3.2.0:run (default-cli) < test-compile @ accounts-service <<<
[INFO] 
[INFO] 
[INFO] --- spring-boot-maven-plugin:3.2.0:run (default-cli) @ accounts-service ---
[INFO] Attaching agents: []

  .   ____          _            __ _ _
 /\\ / ___'_ __ _ _(_)_ __  __ _ \ \ \ \
( ( )\___ | '_ | '_| | '_ \/ _` | \ \ \ \
 \\/  ___)| |_)| | | | | || (_| |  ) ) ) )
  '  |____| .__|_| |_|_| |_\__, | / / / /
 =========|_|==============|___/=/_/_/_/
 :: Spring Boot ::                (v3.2.0)

2026-01-10T10:23:26.453+05:30  INFO 18504 --- [accounts-service] [           main] c.e.a.a.AccountsServiceApplication       : Starting AccountsServiceApplication using Java 21.0.6 with PID 18504 (C:\Users\Sayeed Rizwan\Downloads\accounts-service\accounts-service\target\classes started by Sayeed Rizwan in C:\Users\Sayeed Rizwan\Downloads\accounts-service\accounts-service)
2026-01-10T10:23:26.456+05:30 DEBUG 18504 --- [accounts-service] [           main] c.e.a.a.AccountsServiceApplication       : Running with Spring Boot v3.2.0, Spring v6.1.1
2026-01-10T10:23:26.457+05:30  INFO 18504 --- [accounts-service] [           main] c.e.a.a.AccountsServiceApplication       : No active profile set, falling back to 1 default profile: "default"
2026-01-10T10:23:28.796+05:30  INFO 18504 --- [accounts-service] [           main] .s.d.r.c.RepositoryConfigurationDelegate : Bootstrapping Spring Data JPA repositories in DEFAULT mode.
2026-01-10T10:23:29.024+05:30  INFO 18504 --- [accounts-service] [           main] .s.d.r.c.RepositoryConfigurationDelegate : Finished Spring Data repository scanning in 205 ms. Found 15 JPA repository interfaces.
2026-01-10T10:23:30.948+05:30  INFO 18504 --- [accounts-service] [           main] o.s.b.w.embedded.tomcat.TomcatWebServer  : Tomcat initialized with port 8080 (http)
2026-01-10T10:23:30.978+05:30  INFO 18504 --- [accounts-service] [           main] o.apache.catalina.core.StandardService   : Starting service [Tomcat]
2026-01-10T10:23:30.978+05:30  INFO 18504 --- [accounts-service] [           main] o.apache.catalina.core.StandardEngine    : Starting Servlet engine: [Apache Tomcat/10.1.16]
2026-01-10T10:23:31.220+05:30  INFO 18504 --- [accounts-service] [           main] o.a.c.c.C.[Tomcat].[localhost].[/]       : Initializing Spring embedded WebApplicationContext
2026-01-10T10:23:31.223+05:30  INFO 18504 --- [accounts-service] [           main] w.s.c.ServletWebServerApplicationContext : Root WebApplicationContext: initialization completed in 4652 ms
2026-01-10T10:23:31.768+05:30  INFO 18504 --- [accounts-service] [           main] com.zaxxer.hikari.HikariDataSource       : HikariPool-1 - Starting...
2026-01-10T10:23:32.878+05:30  INFO 18504 --- [accounts-service] [           main] com.zaxxer.hikari.pool.HikariPool        : HikariPool-1 - Added connection com.mysql.cj.jdbc.ConnectionImpl@6a567f7b
2026-01-10T10:23:32.905+05:30  INFO 18504 --- [accounts-service] [           main] com.zaxxer.hikari.HikariDataSource       : HikariPool-1 - Start completed.
2026-01-10T10:23:37.873+05:30  INFO 18504 --- [accounts-service] [           main] liquibase.changelog                      : Reading from account_db.DATABASECHANGELOG
Database is up to date, no changesets to execute
2026-01-10T10:23:38.203+05:30  INFO 18504 --- [accounts-service] [           main] liquibase.changelog                      : Reading from account_db.DATABASECHANGELOG
2026-01-10T10:23:38.237+05:30  INFO 18504 --- [accounts-service] [           main] liquibase.util                           : UPDATE SUMMARY
2026-01-10T10:23:38.237+05:30  INFO 18504 --- [accounts-service] [           main] liquibase.util                           : Run:                          0
2026-01-10T10:23:38.237+05:30  INFO 18504 --- [accounts-service] [           main] liquibase.util                           : Previously run:              27
2026-01-10T10:23:38.238+05:30  INFO 18504 --- [accounts-service] [           main] liquibase.util                           : Filtered out:                 0
2026-01-10T10:23:38.238+05:30  INFO 18504 --- [accounts-service] [           main] liquibase.util                           : -------------------------------
2026-01-10T10:23:38.238+05:30  INFO 18504 --- [accounts-service] [           main] liquibase.util                           : Total change sets:           27
2026-01-10T10:23:38.238+05:30  INFO 18504 --- [accounts-service] [           main] liquibase.util                           : Update summary generated
2026-01-10T10:23:38.289+05:30  INFO 18504 --- [accounts-service] [           main] liquibase.lockservice                    : Successfully released change log lock
2026-01-10T10:23:38.292+05:30  INFO 18504 --- [accounts-service] [           main] liquibase.command                        : Command execution complete
2026-01-10T10:23:38.433+05:30  INFO 18504 --- [accounts-service] [           main] o.hibernate.jpa.internal.util.LogHelper  : HHH000204: Processing PersistenceUnitInfo [name: default]
2026-01-10T10:23:38.563+05:30  INFO 18504 --- [accounts-service] [           main] org.hibernate.Version                    : HHH000412: Hibernate ORM core version 6.3.1.Final
2026-01-10T10:23:38.634+05:30  INFO 18504 --- [accounts-service] [           main] o.h.c.internal.RegionFactoryInitiator    : HHH000026: Second-level cache disabled
2026-01-10T10:23:39.117+05:30  INFO 18504 --- [accounts-service] [           main] o.s.o.j.p.SpringPersistenceUnitInfo      : No LoadTimeWeaver setup: ignoring JPA class transformer
2026-01-10T10:23:39.231+05:30  WARN 18504 --- [accounts-service] [           main] org.hibernate.orm.deprecation            : HHH90000025: MySQLDialect does not need to be specified explicitly using 'hibernate.dialect' (remove the property setting and it will be selected by default)
2026-01-10T10:23:42.517+05:30  INFO 18504 --- [accounts-service] [           main] o.h.e.t.j.p.i.JtaPlatformInitiator       : HHH000489: No JTA platform available (set 'hibernate.transaction.jta.platform' to enable JTA platform integration)
2026-01-10T10:23:42.532+05:30  INFO 18504 --- [accounts-service] [           main] j.LocalContainerEntityManagerFactoryBean : Initialized JPA EntityManagerFactory for persistence unit 'default'
2026-01-10T10:23:44.175+05:30  INFO 18504 --- [accounts-service] [           main] o.s.d.j.r.query.QueryEnhancerFactory     : Hibernate is in classpath; If applicable, HQL parser will be used.
2026-01-10T10:23:48.555+05:30  WARN 18504 --- [accounts-service] [           main] ConfigServletWebServerApplicationContext : Exception encountered during context initialization - cancelling refresh attempt: org.springframework.context.ApplicationContextException: Failed to start bean 'webServerStartStop'
2026-01-10T10:23:48.562+05:30  INFO 18504 --- [accounts-service] [           main] j.LocalContainerEntityManagerFactoryBean : Closing JPA EntityManagerFactory for persistence unit 'default'
2026-01-10T10:23:48.567+05:30  INFO 18504 --- [accounts-service] [           main] com.zaxxer.hikari.HikariDataSource       : HikariPool-1 - Shutdown initiated...
2026-01-10T10:23:48.636+05:30  INFO 18504 --- [accounts-service] [           main] com.zaxxer.hikari.HikariDataSource       : HikariPool-1 - Shutdown completed.
2026-01-10T10:23:48.671+05:30  INFO 18504 --- [accounts-service] [           main] .s.b.a.l.ConditionEvaluationReportLogger : 

Error starting ApplicationContext. To display the condition evaluation report re-run your application with 'debug' enabled.
2026-01-10T10:23:48.701+05:30 ERROR 18504 --- [accounts-service] [           main] o.s.b.d.LoggingFailureAnalysisReporter   : 

***************************
APPLICATION FAILED TO START
***************************

Description:

Web server failed to start. Port 8080 was already in use.

Action:

Identify and stop the process that's listening on port 8080 or configure this application to listen on another port.

[INFO] ------------------------------------------------------------------------
[INFO] BUILD FAILURE
[INFO] ------------------------------------------------------------------------
[INFO] Total time:  29.820 s
[INFO] Finished at: 2026-01-10T10:23:48+05:30
[INFO] ------------------------------------------------------------------------
[ERROR] Failed to execute goal org.springframework.boot:spring-boot-maven-plugin:3.2.0:run (default-cli) on project accounts-service: Process terminated with exit code: 1 -> [Help 1]
[ERROR] 
[ERROR] To see the full stack trace of the errors, re-run Maven with the -e switch.
[ERROR] Re-run Maven using the -X switch to enable full debug logging.
[ERROR] 
[ERROR] For more information about the errors and possible solutions, please read the following articles:
[ERROR] [Help 1] http://cwiki.apache.org/confluence/display/MAVEN/MojoExecutionException
